make all --print-data-base --no-builtin-variables --no-builtin-rules --question
# GNU Make 3.81
# Copyright (C) 2006  Free Software Foundation, Inc.
# This is free software; see the source for copying conditions.
# There is NO warranty; not even for MERCHANTABILITY or FITNESS FOR A
# PARTICULAR PURPOSE.

# This program built for i386-apple-darwin11.3.0
 
make: *** No rule to make target `all'.  Stop.
 

# Make data base, printed on Sat Sep 25 09:52:51 2021

# Variables

 
# automatic
<D = $(patsubst %/,%,$(dir $<))
# environment
RUBY_VERSION = ruby-3.0.0
# automatic
?F = $(notdir $?)
# environment
ELECTRON_NO_ATTACH_CONSOLE = 1
# environment
LC_CTYPE = zh_CN.UTF-8
# environment
VSCODE_LOG_NATIVE = false
# automatic
?D = $(patsubst %/,%,$(dir $?))
# environment
CPPFLAGS = -I/usr/local/opt/openssl/include
# environment
rvm_path = /Users/yanjixiong/.rvm
# automatic
@D = $(patsubst %/,%,$(dir $@))
# automatic
@F = $(notdir $@)
# makefile
CURDIR := /Users/yanjixiong/rust_workspace/luoyjx/thumbor
# makefile
SHELL = /bin/sh
# environment
VSCODE_NLS_CONFIG = {"locale":"zh-cn","availableLanguages":{},"_languagePackSupport":true}
# environment
_ = /usr/bin/make
# environment
GITLAB = https://git.shimo.im
# environment
VSCODE_PID = 31296
# makefile (from `Makefile', line 1)
MAKEFILE_LIST :=  Makefile
# environment
GO111MODULE = on
# environment
AUTOJUMP_SOURCED = 1
# environment
rvm_ruby_mode = 
# environment
rvm_ruby_make = 
# environment
VSCODE_VERBOSE_LOGGING = true
# environment
__CFBundleIdentifier = com.googlecode.iterm2
# environment
rvm_proxy = 
# environment
WASMER_DIR = /Users/yanjixiong/.wasmer
# environment
FNM_NODE_DIST_MIRROR = https://nodejs.org/dist
# environment
 
VSCODE_IPC_HOOK_EXTHOST = /var/folders/gv/w859d3jd2cb60jkzxmw1b4b40000gn/T/vscode-ipc-8cb2cb95-71a3-4768-b4a3-71c8c2574e7b.sock
# environment
VSCODE_CWD = /Users/yanjixiong/rust_workspace/luoyjx/thumbor
# environment
GOPROXY = https://goproxy.cn,direct
# environment
rvm_pretty_print_flag = 
# environment
NVS_ROOT = /Users/yanjixiong/.nvs
# environment
PATH = /Users/yanjixiong/.rvm/gems/ruby-3.0.0/bin:/Users/yanjixiong/.rvm/gems/ruby-3.0.0@global/bin:/Users/yanjixiong/.rvm/rubies/ruby-3.0.0/bin:/var/folders/gv/w859d3jd2cb60jkzxmw1b4b40000gn/T/fnm_multishell_86232_1632533946539/bin:/Users/yanjixiong/.fnm:/Users/yanjixiong/.deno/bin:/usr/local/opt/gettext/bin:/Users/yanjixiong/.wasmer/bin:/Users/yanjixiong/.wasmer/globals/wapm_packages/.bin:/usr/local/opt/openssl/bin:/Users/yanjixiong/.nvm/versions/node/v12.18.0/bin:/Users/yanjixiong/.cargo/bin:/usr/local/bin:/usr/bin:/bin:/usr/sbin:/sbin:/usr/local/go/bin:/usr/local/share/dotnet:~/.dotnet/tools:/Library/Apple/usr/bin:/usr/local/sbin:/Users/yanjixiong/go/bin:/Users/yanjixiong/Library/Android/sdk/tools:/Users/yanjixiong/Library/Android/sdk/platform-tools:/Applications/LibreOffice.app/Contents/MacOS/:/Users/yanjixiong/flutter_dev/flutter/bin:/Users/yanjixiong/apache-maven-3.5.2/bin:/Users/yanjixiong/.jsvu:/usr/local/go/bin:/Users/yanjixiong/goworkspaces/bin:/Users/yanjixiong/.rvm/bin
# environment
NVS_OS = darwin
# environment
GOROOT = /usr/local/go
# environment
FNM_DIR = /Users/yanjixiong/.fnm
# environment
LSCOLORS = Gxfxcxdxbxegedabagacad
# environment
rvm_niceness = 
# environment
SDKMAN_DIR = /Users/yanjixiong/.sdkman
# environment
SDKMAN_CANDIDATES_API = https://api.sdkman.io/2
# environment
GOPATH = /Users/yanjixiong/goworkspaces
# environment
NVM_BIN = /Users/yanjixiong/.nvm/versions/node/v12.18.0/bin
# environment
FNM_LOGLEVEL = info
# environment
rvm_only_path_flag = 
# environment
LaunchInstanceID = F57B0956-38F4-4878-9B88-898DEFE54190
# environment
SDKMAN_PLATFORM = Darwin
# environment
VSCODE_LOG_STACK = false
# environment
ELECTRON_RUN_AS_NODE = 1
# environment
LDFLAGS = -L/usr/local/opt/openssl/lib
# environment
rvm_alias_expanded = 
# environment
ANDROID_HOME = /Users/yanjixiong/Library/Android/sdk
# default
.FEATURES := target-specific order-only second-expansion else-if archives jobserver check-symlink
# environment
SASS_BINARY_SITE = https://npm.taobao.org/mirrors/node-sass/
# environment
SSH_AUTH_SOCK = /private/tmp/com.apple.launchd.9XlUGSgx6v/Listeners
# automatic
%F = $(notdir $%)
# environment
VSCODE_PIPE_LOGGING = true
# environment
rvm_bin_path = /Users/yanjixiong/.rvm/bin
# environment
 
PWD = /Users/yanjixiong/rust_workspace/luoyjx/thumbor
# environment
GEM_HOME = /Users/yanjixiong/.rvm/gems/ruby-3.0.0
# environment
rvm_gemstone_package_file = 
# environment
rvm_docs_type = 
# environment
PKG_CONFIG_PATH = /usr/local/opt/openssl/lib/pkgconfig
# environment
rvm_script_name = 
# environment
ORIGINAL_XDG_CURRENT_DESKTOP = undefined
# environment
PHAB = https://phab.shimo.im
# environment
VSCODE_AMD_ENTRYPOINT = vs/workbench/services/extensions/node/extensionHostProcess
# environment
HOME = /Users/yanjixiong
# default
MAKEFILEPATH := /Applications/Xcode.app/Contents/Developer/Makefiles
# environment
VSCODE_CLI = 1
# environment
VSCODE_CODE_CACHE_PATH = /Users/yanjixiong/Library/Application Support/Code/CachedData/e7d7e9a9348e6a8cc8c03f877d39cb72e5dfb1ff
# environment
FNM_MULTISHELL_PATH = /var/folders/gv/w859d3jd2cb60jkzxmw1b4b40000gn/T/fnm_multishell_86232_1632533946539
# environment
LOGNAME = yanjixiong
# environment
APPLICATION_INSIGHTS_NO_DIAGNOSTIC_CHANNEL = true
# environment
NVM_CD_FLAGS = -q
# environment
ZSH = /Users/yanjixiong/.oh-my-zsh
# environment
M2_HOME = /Users/yanjixiong/apache-maven-3.5.2
# environment
VSCODE_HANDLES_UNCAUGHT_ERRORS = true
# automatic
^D = $(patsubst %/,%,$(dir $^))
# environment
rvm_ruby_bits = 
# environment
GEM_PATH = /Users/yanjixiong/.rvm/gems/ruby-3.0.0:/Users/yanjixiong/.rvm/gems/ruby-3.0.0@global
# environment
XPC_FLAGS = 0x0
# environment
SDKMAN_VERSION = 5.7.2+323
# environment
COLORTERM = truecolor
# environment
rvm_ruby_make_install = 
# default
MAKE = $(MAKE_COMMAND)
# environment
LC_TERMINAL = iTerm2
# environment
IRBRC = /Users/yanjixiong/.rvm/rubies/ruby-3.0.0/.irbrc
# environment
PHANTOMJS_CDNURL = http://cnpmjs.org/downloads
# environment
SHLVL = 3
# environment
rvm_quiet_flag = 
# environment
WASMER_CACHE_DIR = /Users/yanjixiong/.wasmer/cache
# environment
JAVA_HOME = /Library/Java/JavaVirtualMachines/jdk1.8.0_112.jdk/Contents/Home
# default
MAKE_VERSION := 3.81
# environment
USER = yanjixiong
# environment
NVS_USE_XZ = 1
# makefile
.DEFAULT_GOAL := pb
# default
MAKECMDGOALS := all
# environment
TERM_SESSION_ID = w1t0p0:58DE57EE-58FC-4F24-BB67-75D785641361
# environment
CLASSPATH = .:/usr/local/lib/antlr-4.7.2-complete.jar:
# environment
rvm_version = 1.29.12 (latest)
# environment
LESS = -R
# automatic
%D = $(patsubst %/,%,$(dir $%))
# default
MAKE_COMMAND := /Applications/Xcode.app/Contents/Developer/usr/bin/make
# environment
TERM_PROGRAM = iTerm.app
 
# default
.VARIABLES := 
# environment
TMPDIR = /var/folders/gv/w859d3jd2cb60jkzxmw1b4b40000gn/T/
# automatic
*F = $(notdir $*)
# environment
VSCODE_IPC_HOOK = /Users/yanjixiong/Library/Application Support/Code/1.60.0-main.sock
# makefile
MAKEFLAGS = Rrqp
# environment
MFLAGS = -Rrqp
# automatic
*D = $(patsubst %/,%,$(dir $*))
# environment
TERM_PROGRAM_VERSION = 3.3.12
# environment
NVM_DIR = /Users/yanjixiong/.nvm
# environment
XPC_SERVICE_NAME = 0
# environment
LC_TERMINAL_VERSION = 3.3.12
# automatic
+D = $(patsubst %/,%,$(dir $+))
# automatic
+F = $(notdir $+)
# environment
ITERM_SESSION_ID = w1t0p0:58DE57EE-58FC-4F24-BB67-75D785641361
# environment
rvm_sdk = 
# environment
NVS_HOME = /Users/yanjixiong/.nvs
# environment
COLORFGBG = 7;0
# environment
ELECTRON_MIRROR = https://npm.taobao.org/mirrors/electron/
# environment
__CF_USER_TEXT_ENCODING = 0x1F5:0x19:0x34
# environment
COMMAND_MODE = unix2003
# default
MAKEFILES := 
# automatic
<F = $(notdir $<)
# environment
ITERM_PROFILE = my
# environment
rvm_silent_flag = 
# environment
rvm_gemstone_url = 
# environment
SDKMAN_CANDIDATES_DIR = /Users/yanjixiong/.sdkman/candidates
# environment
PAGER = less
# environment
LC_ALL = C
# environment
 
rvm_bin_flag = 
# environment
SECURITYSESSIONID = 186aa
# automatic
^F = $(notdir $^)
# environment
rvm_prefix = /Users/yanjixiong
# default
SUFFIXES := 
# environment
rvm_ruby_file = 
# default
.INCLUDE_DIRS = /usr/local/include
# environment
MAKELEVEL := 0
# environment
AUTOJUMP_ERROR_PATH = /Users/yanjixiong/Library/autojump/errors.log
# environment
LANG = C
# environment
TERM = xterm-256color
# environment
rvm_use_flag = 
# environment
rvm_hook = 
# environment
MY_RUBY_HOME = /Users/yanjixiong/.rvm/rubies/ruby-3.0.0
# environment
rvm_nightly_flag = 
# variable set hash-table stats:
# Load=147/1024=14%, Rehash=0, Collisions=14/171=8%

# Pattern-specific Variable Values

# No pattern-specific variable values.

# Directories

# . (device 16777221, inode 51206592): 12 files, no impossibilities.

# 12 files, no impossibilities in 1 directories.

# Implicit Rules

# No implicit rules.

# Files
 

# Not a target:
all:
#  Command-line target.
#  Implicit rule search has been done.
#  File does not exist.
#  File has not been updated.
# variable set hash-table stats:
# Load=0/32=0%, Rehash=0, Collisions=0/0=0%

.PHONY: pb
#  Implicit rule search has not been done.
#  Modification time never checked.
#  File has not been updated.

# Not a target:
.SUFFIXES:
#  Implicit rule search has not been done.
#  Modification time never checked.
#  File has not been updated.

# Not a target:
Makefile:
#  Implicit rule search has been done.
#  Last modified 2021-09-25 09:51:23
#  File has been updated.
#  Successfully updated.
# variable set hash-table stats:
# Load=0/32=0%, Rehash=0, Collisions=0/0=0%

pb:
#  Phony target (prerequisite of .PHONY).
#  Implicit rule search has not been done.
#  File does not exist.
#  File has not been updated.
#  commands to execute (from `Makefile', line 3):
	@echo 'make proto dir'
	@mkdir -p src/pb
	

# Not a target:
.DEFAULT:
#  Implicit rule search has not been done.
#  Modification time never checked.
#  File has not been updated.

# files hash-table stats:
# Load=6/1024=1%, Rehash=0, Collisions=0/19=0%
# VPATH Search Paths

# No `vpath' search paths.

# No general (`VPATH' variable) search path.

# # of strings in strcache: 1
# # of strcache buffers: 1
# strcache size: total = 4096 / max = 4096 / min = 4096 / avg = 4096
# strcache free: total = 4087 / max = 4087 / min = 4087 / avg = 4087

# Finished Make data base on Sat Sep 25 09:52:51 2021

 
